\BOOKMARK [0][-]{chapter.1}{\376\377\000A\000n\000a\000l\000y\000s\000i\000s}{}% 1
\BOOKMARK [1][-]{section.1.1}{\376\377\000U\000s\000e\000r\000\040\000R\000e\000q\000u\000i\000r\000e\000m\000e\000n\000t\000s}{chapter.1}% 2
\BOOKMARK [1][-]{section.1.2}{\376\377\000E\000s\000s\000e\000n\000t\000i\000a\000l\000\040\000T\000e\000c\000h\000n\000i\000c\000a\000l\000\040\000B\000a\000c\000k\000g\000r\000o\000u\000n\000d}{chapter.1}% 3
\BOOKMARK [2][-]{subsection.1.2.1}{\376\377\000C\000o\000n\000c\000e\000p\000t\000\040\000o\000f\000\040\000O\000p\000t\000i\000m\000i\000z\000a\000t\000i\000o\000n\000\040\000P\000r\000o\000b\000l\000e\000m\000s}{section.1.2}% 4
\BOOKMARK [2][-]{subsection.1.2.2}{\376\377\000N\000A\000G\000\040\000L\000i\000b\000r\000a\000r\000y}{section.1.2}% 5
\BOOKMARK [2][-]{subsection.1.2.3}{\376\377\000d\000c\000o\000/\000c\000+\000+}{section.1.2}% 6
\BOOKMARK [1][-]{section.1.3}{\376\377\000S\000y\000s\000t\000e\000m\000\040\000R\000e\000q\000u\000i\000r\000e\000m\000e\000n\000t\000s}{chapter.1}% 7
\BOOKMARK [0][-]{chapter.2}{\376\377\000D\000e\000s\000i\000g\000n}{}% 8
\BOOKMARK [1][-]{section.2.1}{\376\377\000C\000l\000a\000s\000s\000\040\000M\000o\000d\000e\000l}{chapter.2}% 9
\BOOKMARK [1][-]{section.2.2}{\376\377\000C\000l\000a\000s\000s\000\040\000D\000e\000s\000i\000g\000n}{chapter.2}% 10
\BOOKMARK [0][-]{chapter.3}{\376\377\000I\000m\000p\000l\000e\000m\000e\000n\000t\000a\000t\000i\000o\000n}{}% 11
\BOOKMARK [1][-]{section.3.1}{\376\377\000D\000e\000v\000e\000l\000o\000p\000m\000e\000n\000t\000\040\000I\000n\000f\000r\000a\000s\000t\000r\000u\000c\000t\000u\000r\000e}{chapter.3}% 12
\BOOKMARK [1][-]{section.3.2}{\376\377\000S\000o\000u\000r\000c\000e\000\040\000C\000o\000d\000e}{chapter.3}% 13
\BOOKMARK [2][-]{subsection.3.2.1}{\376\377\000F\000i\000l\000e\000\040\000S\000t\000r\000u\000c\000t\000u\000r\000e\000\040\000O\000v\000e\000r\000v\000i\000e\000w}{section.3.2}% 14
\BOOKMARK [2][-]{subsection.3.2.2}{\376\377\000S\000o\000u\000r\000c\000e\000\040\000C\000o\000d\000e\000\040\000S\000t\000r\000u\000c\000t\000u\000r\000e\000\040\000O\000v\000e\000r\000v\000i\000e\000w}{section.3.2}% 15
\BOOKMARK [2][-]{subsection.3.2.3}{\376\377\000d\000c\000o\000/\000c\000+\000+}{section.3.2}% 16
\BOOKMARK [2][-]{subsection.3.2.4}{\376\377\000C\000o\000d\000e\000\040\000D\000o\000c\000u\000m\000e\000n\000t\000a\000t\000i\000o\000n}{section.3.2}% 17
\BOOKMARK [2][-]{subsection.3.2.5}{\376\377\000P\000o\000i\000n\000t\000s\000\040\000o\000f\000\040\000I\000n\000t\000e\000r\000e\000s\000t}{section.3.2}% 18
\BOOKMARK [2][-]{subsection.3.2.6}{\376\377\000P\000o\000t\000e\000n\000t\000i\000a\000l\000\040\000I\000m\000p\000r\000o\000v\000e\000m\000e\000n\000t\000s}{section.3.2}% 19
\BOOKMARK [1][-]{section.3.3}{\376\377\000S\000o\000f\000t\000w\000a\000r\000e\000\040\000T\000e\000s\000t\000s}{chapter.3}% 20
\BOOKMARK [0][-]{chapter.4}{\376\377\000P\000r\000o\000j\000e\000c\000t\000\040\000M\000a\000n\000a\000g\000e\000m\000e\000n\000t}{}% 21
\BOOKMARK [0][-]{appendix.A}{\376\377\000U\000s\000e\000r\000\040\000D\000o\000c\000u\000m\000e\000n\000t\000a\000t\000i\000o\000n}{}% 22
\BOOKMARK [1][-]{section.A.1}{\376\377\000B\000u\000i\000l\000d\000i\000n\000g}{appendix.A}% 23
\BOOKMARK [1][-]{section.A.2}{\376\377\000T\000e\000s\000t\000i\000n\000g}{appendix.A}% 24
\BOOKMARK [1][-]{section.A.3}{\376\377\000R\000u\000n\000n\000i\000n\000g}{appendix.A}% 25
